2016-04-11 02:59:00 Error: [Cake\Database\Exception] SQLSTATE[HY000]: General error: 1017 Can't find file: '.\cposph_dev_defaultcakephp3a\ref@002a.frm' (errno: 22 - Invalid argument)
Stack Trace:
#0 E:\programs\xampp-5.5.27_x86\htdocs\dev\defaultcakephp3a\vendor\cakephp\cakephp\src\Database\Schema\Collection.php(96): Cake\Database\Schema\Collection->_reflect('Column', 'ref*', Array, Object(Cake\Database\Schema\Table))
#1 E:\programs\xampp-5.5.27_x86\htdocs\dev\defaultcakephp3a\vendor\cakephp\cakephp\src\Database\Schema\CachedCollection.php(64): Cake\Database\Schema\Collection->describe('ref*', Array)
#2 E:\programs\xampp-5.5.27_x86\htdocs\dev\defaultcakephp3a\vendor\cakephp\cakephp\src\ORM\Table.php(429): Cake\Database\Schema\CachedCollection->describe('ref*')
#3 E:\programs\xampp-5.5.27_x86\htdocs\dev\defaultcakephp3a\vendor\cakephp\cakephp\src\ORM\Table.php(505): Cake\ORM\Table->schema()
#4 E:\programs\xampp-5.5.27_x86\htdocs\dev\defaultcakephp3a\vendor\cakephp\bake\src\Shell\Task\ModelTask.php(206): Cake\ORM\Table->primaryKey()
#5 E:\programs\xampp-5.5.27_x86\htdocs\dev\defaultcakephp3a\vendor\cakephp\bake\src\Shell\Task\ModelTask.php(124): Bake\Shell\Task\ModelTask->getAssociations(Object(Cake\ORM\Table))
#6 E:\programs\xampp-5.5.27_x86\htdocs\dev\defaultcakephp3a\vendor\cakephp\bake\src\Shell\Task\ModelTask.php(109): Bake\Shell\Task\ModelTask->getTableContext(Object(Cake\ORM\Table), 'ref*', 'Ref*')
#7 E:\programs\xampp-5.5.27_x86\htdocs\dev\defaultcakephp3a\vendor\cakephp\bake\src\Shell\Task\ModelTask.php(96): Bake\Shell\Task\ModelTask->bake('Ref*')
#8 [internal function]: Bake\Shell\Task\ModelTask->main('ref_*')
#9 E:\programs\xampp-5.5.27_x86\htdocs\dev\defaultcakephp3a\vendor\cakephp\cakephp\src\Console\Shell.php(456): call_user_func_array(Array, Array)
#10 E:\programs\xampp-5.5.27_x86\htdocs\dev\defaultcakephp3a\vendor\cakephp\cakephp\src\Console\Shell.php(450): Cake\Console\Shell->runCommand(Array, false)
#11 E:\programs\xampp-5.5.27_x86\htdocs\dev\defaultcakephp3a\vendor\cakephp\cakephp\src\Console\ShellDispatcher.php(217): Cake\Console\Shell->runCommand(Array, true, Array)
#12 E:\programs\xampp-5.5.27_x86\htdocs\dev\defaultcakephp3a\vendor\cakephp\cakephp\src\Console\ShellDispatcher.php(181): Cake\Console\ShellDispatcher->_dispatch(Array)
#13 E:\programs\xampp-5.5.27_x86\htdocs\dev\defaultcakephp3a\vendor\cakephp\cakephp\src\Console\ShellDispatcher.php(127): Cake\Console\ShellDispatcher->dispatch(Array)
#14 E:\programs\xampp-5.5.27_x86\htdocs\dev\defaultcakephp3a\bin\cake.php(33): Cake\Console\ShellDispatcher::run(Array)
#15 {main}


2016-04-11 08:21:40 Error: [Cake\Database\Exception] SQLSTATE[42S02]: Base table or view not found: 1146 Table 'cposph_dev_defaultcakephp3a.addresses' doesn't exist
Stack Trace:
#0 E:\programs\xampp-5.5.27_x86\htdocs\dev\defaultcakephp3a\vendor\cakephp\cakephp\src\Database\Schema\Collection.php(96): Cake\Database\Schema\Collection->_reflect('Column', 'addresses', Array, Object(Cake\Database\Schema\Table))
#1 E:\programs\xampp-5.5.27_x86\htdocs\dev\defaultcakephp3a\vendor\cakephp\cakephp\src\Database\Schema\CachedCollection.php(64): Cake\Database\Schema\Collection->describe('addresses', Array)
#2 E:\programs\xampp-5.5.27_x86\htdocs\dev\defaultcakephp3a\vendor\cakephp\cakephp\src\ORM\Table.php(429): Cake\Database\Schema\CachedCollection->describe('addresses')
#3 E:\programs\xampp-5.5.27_x86\htdocs\dev\defaultcakephp3a\vendor\cakephp\cakephp\src\ORM\Table.php(505): Cake\ORM\Table->schema()
#4 E:\programs\xampp-5.5.27_x86\htdocs\dev\defaultcakephp3a\vendor\cakephp\bake\src\Shell\Task\ModelTask.php(206): Cake\ORM\Table->primaryKey()
#5 E:\programs\xampp-5.5.27_x86\htdocs\dev\defaultcakephp3a\vendor\cakephp\bake\src\Shell\Task\ModelTask.php(124): Bake\Shell\Task\ModelTask->getAssociations(Object(Cake\ORM\Table))
#6 E:\programs\xampp-5.5.27_x86\htdocs\dev\defaultcakephp3a\vendor\cakephp\bake\src\Shell\Task\ModelTask.php(109): Bake\Shell\Task\ModelTask->getTableContext(Object(Cake\ORM\Table), 'addresses', 'Addresses')
#7 E:\programs\xampp-5.5.27_x86\htdocs\dev\defaultcakephp3a\vendor\cakephp\bake\src\Shell\Task\ModelTask.php(96): Bake\Shell\Task\ModelTask->bake('Addresses')
#8 [internal function]: Bake\Shell\Task\ModelTask->main('addresses')
#9 E:\programs\xampp-5.5.27_x86\htdocs\dev\defaultcakephp3a\vendor\cakephp\cakephp\src\Console\Shell.php(456): call_user_func_array(Array, Array)
#10 E:\programs\xampp-5.5.27_x86\htdocs\dev\defaultcakephp3a\vendor\cakephp\cakephp\src\Console\Shell.php(450): Cake\Console\Shell->runCommand(Array, false)
#11 E:\programs\xampp-5.5.27_x86\htdocs\dev\defaultcakephp3a\vendor\cakephp\cakephp\src\Console\ShellDispatcher.php(217): Cake\Console\Shell->runCommand(Array, true, Array)
#12 E:\programs\xampp-5.5.27_x86\htdocs\dev\defaultcakephp3a\vendor\cakephp\cakephp\src\Console\ShellDispatcher.php(181): Cake\Console\ShellDispatcher->_dispatch(Array)
#13 E:\programs\xampp-5.5.27_x86\htdocs\dev\defaultcakephp3a\vendor\cakephp\cakephp\src\Console\ShellDispatcher.php(127): Cake\Console\ShellDispatcher->dispatch(Array)
#14 E:\programs\xampp-5.5.27_x86\htdocs\dev\defaultcakephp3a\bin\cake.php(33): Cake\Console\ShellDispatcher::run(Array)
#15 {main}


2016-04-11 08:21:51 Error: [Cake\Database\Exception] SQLSTATE[42S02]: Base table or view not found: 1146 Table 'cposph_dev_defaultcakephp3a.addresses' doesn't exist
Stack Trace:
#0 E:\programs\xampp-5.5.27_x86\htdocs\dev\defaultcakephp3a\vendor\cakephp\cakephp\src\Database\Schema\Collection.php(96): Cake\Database\Schema\Collection->_reflect('Column', 'addresses', Array, Object(Cake\Database\Schema\Table))
#1 E:\programs\xampp-5.5.27_x86\htdocs\dev\defaultcakephp3a\vendor\cakephp\cakephp\src\Database\Schema\CachedCollection.php(64): Cake\Database\Schema\Collection->describe('addresses', Array)
#2 E:\programs\xampp-5.5.27_x86\htdocs\dev\defaultcakephp3a\vendor\cakephp\cakephp\src\ORM\Table.php(429): Cake\Database\Schema\CachedCollection->describe('addresses')
#3 E:\programs\xampp-5.5.27_x86\htdocs\dev\defaultcakephp3a\vendor\cakephp\cakephp\src\ORM\Table.php(505): Cake\ORM\Table->schema()
#4 E:\programs\xampp-5.5.27_x86\htdocs\dev\defaultcakephp3a\vendor\cakephp\bake\src\Shell\Task\ModelTask.php(206): Cake\ORM\Table->primaryKey()
#5 E:\programs\xampp-5.5.27_x86\htdocs\dev\defaultcakephp3a\vendor\cakephp\bake\src\Shell\Task\ModelTask.php(124): Bake\Shell\Task\ModelTask->getAssociations(Object(Cake\ORM\Table))
#6 E:\programs\xampp-5.5.27_x86\htdocs\dev\defaultcakephp3a\vendor\cakephp\bake\src\Shell\Task\ModelTask.php(109): Bake\Shell\Task\ModelTask->getTableContext(Object(Cake\ORM\Table), 'addresses', 'Addresses')
#7 E:\programs\xampp-5.5.27_x86\htdocs\dev\defaultcakephp3a\vendor\cakephp\bake\src\Shell\Task\ModelTask.php(96): Bake\Shell\Task\ModelTask->bake('Addresses')
#8 [internal function]: Bake\Shell\Task\ModelTask->main('addresses')
#9 E:\programs\xampp-5.5.27_x86\htdocs\dev\defaultcakephp3a\vendor\cakephp\cakephp\src\Console\Shell.php(456): call_user_func_array(Array, Array)
#10 E:\programs\xampp-5.5.27_x86\htdocs\dev\defaultcakephp3a\vendor\cakephp\cakephp\src\Console\Shell.php(450): Cake\Console\Shell->runCommand(Array, false)
#11 E:\programs\xampp-5.5.27_x86\htdocs\dev\defaultcakephp3a\vendor\cakephp\cakephp\src\Console\ShellDispatcher.php(217): Cake\Console\Shell->runCommand(Array, true, Array)
#12 E:\programs\xampp-5.5.27_x86\htdocs\dev\defaultcakephp3a\vendor\cakephp\cakephp\src\Console\ShellDispatcher.php(181): Cake\Console\ShellDispatcher->_dispatch(Array)
#13 E:\programs\xampp-5.5.27_x86\htdocs\dev\defaultcakephp3a\vendor\cakephp\cakephp\src\Console\ShellDispatcher.php(127): Cake\Console\ShellDispatcher->dispatch(Array)
#14 E:\programs\xampp-5.5.27_x86\htdocs\dev\defaultcakephp3a\bin\cake.php(33): Cake\Console\ShellDispatcher::run(Array)
#15 {main}


2016-04-11 08:22:20 Error: [Cake\Database\Exception] SQLSTATE[42S02]: Base table or view not found: 1146 Table 'cposph_dev_defaultcakephp3a.addresse' doesn't exist
Stack Trace:
#0 E:\programs\xampp-5.5.27_x86\htdocs\dev\defaultcakephp3a\vendor\cakephp\cakephp\src\Database\Schema\Collection.php(96): Cake\Database\Schema\Collection->_reflect('Column', 'addresse', Array, Object(Cake\Database\Schema\Table))
#1 E:\programs\xampp-5.5.27_x86\htdocs\dev\defaultcakephp3a\vendor\cakephp\cakephp\src\Database\Schema\CachedCollection.php(64): Cake\Database\Schema\Collection->describe('addresse', Array)
#2 E:\programs\xampp-5.5.27_x86\htdocs\dev\defaultcakephp3a\vendor\cakephp\cakephp\src\ORM\Table.php(429): Cake\Database\Schema\CachedCollection->describe('addresse')
#3 E:\programs\xampp-5.5.27_x86\htdocs\dev\defaultcakephp3a\vendor\cakephp\cakephp\src\ORM\Table.php(505): Cake\ORM\Table->schema()
#4 E:\programs\xampp-5.5.27_x86\htdocs\dev\defaultcakephp3a\vendor\cakephp\bake\src\Shell\Task\ModelTask.php(206): Cake\ORM\Table->primaryKey()
#5 E:\programs\xampp-5.5.27_x86\htdocs\dev\defaultcakephp3a\vendor\cakephp\bake\src\Shell\Task\ModelTask.php(124): Bake\Shell\Task\ModelTask->getAssociations(Object(Cake\ORM\Table))
#6 E:\programs\xampp-5.5.27_x86\htdocs\dev\defaultcakephp3a\vendor\cakephp\bake\src\Shell\Task\ModelTask.php(109): Bake\Shell\Task\ModelTask->getTableContext(Object(Cake\ORM\Table), 'addresse', 'Addresse')
#7 E:\programs\xampp-5.5.27_x86\htdocs\dev\defaultcakephp3a\vendor\cakephp\bake\src\Shell\Task\ModelTask.php(96): Bake\Shell\Task\ModelTask->bake('Addresse')
#8 [internal function]: Bake\Shell\Task\ModelTask->main('addresse')
#9 E:\programs\xampp-5.5.27_x86\htdocs\dev\defaultcakephp3a\vendor\cakephp\cakephp\src\Console\Shell.php(456): call_user_func_array(Array, Array)
#10 E:\programs\xampp-5.5.27_x86\htdocs\dev\defaultcakephp3a\vendor\cakephp\cakephp\src\Console\Shell.php(450): Cake\Console\Shell->runCommand(Array, false)
#11 E:\programs\xampp-5.5.27_x86\htdocs\dev\defaultcakephp3a\vendor\cakephp\cakephp\src\Console\ShellDispatcher.php(217): Cake\Console\Shell->runCommand(Array, true, Array)
#12 E:\programs\xampp-5.5.27_x86\htdocs\dev\defaultcakephp3a\vendor\cakephp\cakephp\src\Console\ShellDispatcher.php(181): Cake\Console\ShellDispatcher->_dispatch(Array)
#13 E:\programs\xampp-5.5.27_x86\htdocs\dev\defaultcakephp3a\vendor\cakephp\cakephp\src\Console\ShellDispatcher.php(127): Cake\Console\ShellDispatcher->dispatch(Array)
#14 E:\programs\xampp-5.5.27_x86\htdocs\dev\defaultcakephp3a\bin\cake.php(33): Cake\Console\ShellDispatcher::run(Array)
#15 {main}


2016-04-11 08:22:56 Warning: Warning (512): Association property name "entity" clashes with field of same name of table "addresses". You should explicitly specify the "propertyName" option. in [E:\programs\xampp-5.5.27_x86\htdocs\dev\defaultcakephp3a\vendor\cakephp\cakephp\src\ORM\Association.php, line 446]
Trace:
Cake\Error\BaseErrorHandler::handleError() - CORE\src\Error\BaseErrorHandler.php, line 146
Cake\ORM\Association::property() - CORE\src\ORM\Association.php, line 446
Bake\Shell\Task\ModelTask::getEntityPropertySchema() - ROOT\vendor\cakephp\bake\src\Shell\Task\ModelTask.php, line 497
Bake\Shell\Task\ModelTask::getTableContext() - ROOT\vendor\cakephp\bake\src\Shell\Task\ModelTask.php, line 129
Bake\Shell\Task\ModelTask::bake() - ROOT\vendor\cakephp\bake\src\Shell\Task\ModelTask.php, line 109
Bake\Shell\Task\ModelTask::main() - ROOT\vendor\cakephp\bake\src\Shell\Task\ModelTask.php, line 96
Cake\Console\Shell::runCommand() - CORE\src\Console\Shell.php, line 456
Cake\Console\Shell::runCommand() - CORE\src\Console\Shell.php, line 450
Cake\Console\ShellDispatcher::_dispatch() - CORE\src\Console\ShellDispatcher.php, line 217
Cake\Console\ShellDispatcher::dispatch() - CORE\src\Console\ShellDispatcher.php, line 181
Cake\Console\ShellDispatcher::run() - CORE\src\Console\ShellDispatcher.php, line 127
[main] - ROOT\bin\cake.php, line 33



