2016-04-18 07:05:15 Notice: Notice (8): Undefined variable: data in [E:\programs\xampp-5.5.27_x86\htdocs\dev\defaultcakephp3a\src\Controller\UsersController.php, line 46]
Request URL: /dev/defaultcakephp3a/users/getPlaces
Referer URL: http://localhost/dev/defaultcakephp3a/users/edit/13
Trace:
Cake\Error\BaseErrorHandler::handleError() - CORE\src\Error\BaseErrorHandler.php, line 146
App\Controller\UsersController::getPlaces() - APP/Controller\UsersController.php, line 46
Cake\Controller\Controller::invokeAction() - CORE\src\Controller\Controller.php, line 429
Cake\Routing\Dispatcher::_invoke() - CORE\src\Routing\Dispatcher.php, line 114
Cake\Routing\Dispatcher::dispatch() - CORE\src\Routing\Dispatcher.php, line 87
[main] - ROOT\webroot\index.php, line 37



2016-04-18 07:05:22 Notice: Notice (8): Undefined variable: data in [E:\programs\xampp-5.5.27_x86\htdocs\dev\defaultcakephp3a\src\Controller\UsersController.php, line 46]
Request URL: /dev/defaultcakephp3a/users/getPlaces
Referer URL: http://localhost/dev/defaultcakephp3a/users/edit/13
Trace:
Cake\Error\BaseErrorHandler::handleError() - CORE\src\Error\BaseErrorHandler.php, line 146
App\Controller\UsersController::getPlaces() - APP/Controller\UsersController.php, line 46
Cake\Controller\Controller::invokeAction() - CORE\src\Controller\Controller.php, line 429
Cake\Routing\Dispatcher::_invoke() - CORE\src\Routing\Dispatcher.php, line 114
Cake\Routing\Dispatcher::dispatch() - CORE\src\Routing\Dispatcher.php, line 87
[main] - ROOT\webroot\index.php, line 37



2016-04-18 07:06:05 Notice: Notice (8): Undefined variable: data in [E:\programs\xampp-5.5.27_x86\htdocs\dev\defaultcakephp3a\src\Controller\UsersController.php, line 46]
Request URL: /dev/defaultcakephp3a/users/getPlaces
Referer URL: http://localhost/dev/defaultcakephp3a/users/edit/13
Trace:
Cake\Error\BaseErrorHandler::handleError() - CORE\src\Error\BaseErrorHandler.php, line 146
App\Controller\UsersController::getPlaces() - APP/Controller\UsersController.php, line 46
Cake\Controller\Controller::invokeAction() - CORE\src\Controller\Controller.php, line 429
Cake\Routing\Dispatcher::_invoke() - CORE\src\Routing\Dispatcher.php, line 114
Cake\Routing\Dispatcher::dispatch() - CORE\src\Routing\Dispatcher.php, line 87
[main] - ROOT\webroot\index.php, line 37



2016-04-18 07:06:05 Notice: Notice (8): Undefined variable: data in [E:\programs\xampp-5.5.27_x86\htdocs\dev\defaultcakephp3a\src\Controller\UsersController.php, line 46]
Request URL: /dev/defaultcakephp3a/users/getPlaces
Referer URL: http://localhost/dev/defaultcakephp3a/users/edit/13
Trace:
Cake\Error\BaseErrorHandler::handleError() - CORE\src\Error\BaseErrorHandler.php, line 146
App\Controller\UsersController::getPlaces() - APP/Controller\UsersController.php, line 46
Cake\Controller\Controller::invokeAction() - CORE\src\Controller\Controller.php, line 429
Cake\Routing\Dispatcher::_invoke() - CORE\src\Routing\Dispatcher.php, line 114
Cake\Routing\Dispatcher::dispatch() - CORE\src\Routing\Dispatcher.php, line 87
[main] - ROOT\webroot\index.php, line 37



2016-04-18 07:06:05 Notice: Notice (8): Undefined variable: data in [E:\programs\xampp-5.5.27_x86\htdocs\dev\defaultcakephp3a\src\Controller\UsersController.php, line 46]
Request URL: /dev/defaultcakephp3a/users/getPlaces
Referer URL: http://localhost/dev/defaultcakephp3a/users/edit/13
Trace:
Cake\Error\BaseErrorHandler::handleError() - CORE\src\Error\BaseErrorHandler.php, line 146
App\Controller\UsersController::getPlaces() - APP/Controller\UsersController.php, line 46
Cake\Controller\Controller::invokeAction() - CORE\src\Controller\Controller.php, line 429
Cake\Routing\Dispatcher::_invoke() - CORE\src\Routing\Dispatcher.php, line 114
Cake\Routing\Dispatcher::dispatch() - CORE\src\Routing\Dispatcher.php, line 87
[main] - ROOT\webroot\index.php, line 37



2016-04-18 07:06:05 Notice: Notice (8): Undefined variable: data in [E:\programs\xampp-5.5.27_x86\htdocs\dev\defaultcakephp3a\src\Controller\UsersController.php, line 46]
Request URL: /dev/defaultcakephp3a/users/getPlaces
Referer URL: http://localhost/dev/defaultcakephp3a/users/edit/13
Trace:
Cake\Error\BaseErrorHandler::handleError() - CORE\src\Error\BaseErrorHandler.php, line 146
App\Controller\UsersController::getPlaces() - APP/Controller\UsersController.php, line 46
Cake\Controller\Controller::invokeAction() - CORE\src\Controller\Controller.php, line 429
Cake\Routing\Dispatcher::_invoke() - CORE\src\Routing\Dispatcher.php, line 114
Cake\Routing\Dispatcher::dispatch() - CORE\src\Routing\Dispatcher.php, line 87
[main] - ROOT\webroot\index.php, line 37



2016-04-18 07:06:05 Notice: Notice (8): Undefined variable: data in [E:\programs\xampp-5.5.27_x86\htdocs\dev\defaultcakephp3a\src\Controller\UsersController.php, line 46]
Request URL: /dev/defaultcakephp3a/users/getPlaces
Referer URL: http://localhost/dev/defaultcakephp3a/users/edit/13
Trace:
Cake\Error\BaseErrorHandler::handleError() - CORE\src\Error\BaseErrorHandler.php, line 146
App\Controller\UsersController::getPlaces() - APP/Controller\UsersController.php, line 46
Cake\Controller\Controller::invokeAction() - CORE\src\Controller\Controller.php, line 429
Cake\Routing\Dispatcher::_invoke() - CORE\src\Routing\Dispatcher.php, line 114
Cake\Routing\Dispatcher::dispatch() - CORE\src\Routing\Dispatcher.php, line 87
[main] - ROOT\webroot\index.php, line 37



2016-04-18 07:06:05 Notice: Notice (8): Undefined variable: data in [E:\programs\xampp-5.5.27_x86\htdocs\dev\defaultcakephp3a\src\Controller\UsersController.php, line 46]
Request URL: /dev/defaultcakephp3a/users/getPlaces
Referer URL: http://localhost/dev/defaultcakephp3a/users/edit/13
Trace:
Cake\Error\BaseErrorHandler::handleError() - CORE\src\Error\BaseErrorHandler.php, line 146
App\Controller\UsersController::getPlaces() - APP/Controller\UsersController.php, line 46
Cake\Controller\Controller::invokeAction() - CORE\src\Controller\Controller.php, line 429
Cake\Routing\Dispatcher::_invoke() - CORE\src\Routing\Dispatcher.php, line 114
Cake\Routing\Dispatcher::dispatch() - CORE\src\Routing\Dispatcher.php, line 87
[main] - ROOT\webroot\index.php, line 37



2016-04-18 07:49:02 Notice: Notice (8): Undefined index: roles in [E:\programs\xampp-5.5.27_x86\htdocs\dev\default_cakephp3\src\Template\Element\Menus\menu_top.ctp, line 45]
Request URL: /dev/default_cakephp3/users
Trace:
Cake\Error\BaseErrorHandler::handleError() - CORE\src\Error\BaseErrorHandler.php, line 146
include - APP/Template\Element\Menus\menu_top.ctp, line 45
Cake\View\View::_evaluate() - CORE\src\View\View.php, line 992
Cake\View\View::_render() - CORE\src\View\View.php, line 952
Cake\View\View::_renderElement() - CORE\src\View\View.php, line 1329
Cake\View\View::element() - CORE\src\View\View.php, line 493
include - APP/Template\Layout\default.ctp, line 83
Cake\View\View::_evaluate() - CORE\src\View\View.php, line 992
Cake\View\View::_render() - CORE\src\View\View.php, line 952
Cake\View\View::renderLayout() - CORE\src\View\View.php, line 633
Cake\View\View::render() - CORE\src\View\View.php, line 592
Cake\Controller\Controller::render() - CORE\src\Controller\Controller.php, line 611
Cake\Routing\Dispatcher::_invoke() - CORE\src\Routing\Dispatcher.php, line 120
Cake\Routing\Dispatcher::dispatch() - CORE\src\Routing\Dispatcher.php, line 87
[main] - ROOT\webroot\index.php, line 37



2016-04-18 07:49:02 Notice: Notice (8): Undefined index:  in [E:\programs\xampp-5.5.27_x86\htdocs\dev\default_cakephp3\src\Template\Element\Menus\menu_top.ctp, line 45]
Request URL: /dev/default_cakephp3/users
Trace:
Cake\Error\BaseErrorHandler::handleError() - CORE\src\Error\BaseErrorHandler.php, line 146
include - APP/Template\Element\Menus\menu_top.ctp, line 45
Cake\View\View::_evaluate() - CORE\src\View\View.php, line 992
Cake\View\View::_render() - CORE\src\View\View.php, line 952
Cake\View\View::_renderElement() - CORE\src\View\View.php, line 1329
Cake\View\View::element() - CORE\src\View\View.php, line 493
include - APP/Template\Layout\default.ctp, line 83
Cake\View\View::_evaluate() - CORE\src\View\View.php, line 992
Cake\View\View::_render() - CORE\src\View\View.php, line 952
Cake\View\View::renderLayout() - CORE\src\View\View.php, line 633
Cake\View\View::render() - CORE\src\View\View.php, line 592
Cake\Controller\Controller::render() - CORE\src\Controller\Controller.php, line 611
Cake\Routing\Dispatcher::_invoke() - CORE\src\Routing\Dispatcher.php, line 120
Cake\Routing\Dispatcher::dispatch() - CORE\src\Routing\Dispatcher.php, line 87
[main] - ROOT\webroot\index.php, line 37



