2016-04-18 07:17:02 Error: Array
(
    [user_id] => 13
    [address_count] => 2
    [mobile] => 09053340188
    [landline] => 7654321
    [personal_email] => oliever@gmail.com
    [address_name_0] => Provincial Address
    [ref_region_0] => 14
    [ref_province_0] => 1411
    [ref_citymun_0] => 141102
    [ref_brgy_0] => 141102017
    [line_1_0] => line1
    [line_2_0] => line2
    [address_name_1] => Provincial Address
    [ref_region_1] => 06
    [ref_province_1] => 0604
    [ref_citymun_1] => 060412
    [ref_brgy_1] => 060412005
    [line_1_1] => Boracay
    [line_2_1] => 
)

2016-04-18 07:18:19 Error: Array
(
    [user_id] => 13
    [address_count] => 2
    [mobile] => 09053340188
    [landline] => 7654321
    [personal_email] => oliever@gmail.com
    [address_name_0] => Provincial Address
    [ref_region_0] => 14
    [ref_province_0] => 1411
    [ref_citymun_0] => 141102
    [ref_brgy_0] => 141102017
    [line_1_0] => line1
    [line_2_0] => line2
)

